<?xml version="1.0" encoding="UTF-8" ?>
<testsuite failures="0" time="0.116" errors="0" skipped="0" tests="4" name="TeamServiceTest">
  <properties>
[...]
</properties>
  <testcase time="0.11" classname="TeamServiceTest" name="testNewTeamHasBeenCreated"/>
  <testcase time="0.001" classname="TeamServiceTest" name="afterAddingATeamATeamOfThatNameIsInUse"/>
  <testcase time="0.001" classname="TeamServiceTest" name="afterAddingATeamSizeIncrementsByOne"/>
  <testcase time="0.001" classname="TeamServiceTest" name="eachIdIsUnique"/>
</testsuite>